[2019-07-13 11:36:58][INFO][org.frameworkset.spi.assemble.PropertiesContainer] load config Properties File :conf/elasticsearch.properties in conf/elasticsearch-boot-config.xml does not exist,Ignore load.
[2019-07-13 11:36:58][INFO][org.frameworkset.spi.assemble.PropertiesContainer] load config Properties File :file:/D:/workspace/bbossesdemo/eshelloword-booter/target/classes/application.properties
[2019-07-13 11:36:58][INFO][org.frameworkset.spi.assemble.PropertiesContainer] load config Properties File :config/application.properties in conf/elasticsearch-boot-config.xml does not exist,Ignore load.
[2019-07-13 11:36:58][INFO][org.frameworkset.spi.remote.http.ClientConfiguration] Http Pool[default] config:http.timeoutConnection=10000,http.timeoutSocket=50000,http.connectionRequestTimeout=10000,http.retryTime=3,http.retryInterval=3000,http.maxLineLength=-1,http.maxHeaderCount=200,http.maxTotal=400,http.soReuseAddress=false,http.soKeepAlive=false,http.timeToLive=3600000,http.keepAlive=3600000,http.defaultMaxPerRoute=200,http.validateAfterInactivity=3000,http.staleConnectionCheckEnabled=false,http.customHttpRequestRetryHandler=org.frameworkset.spi.remote.http.ConnectionResetHttpRequestRetryHandler,http.keystore=,http.keyPassword=,http.hostnameVerifier=,http.authAccount=null,http.authPassword=null,http.hosts=null,http.health=null,http.healthCheckInterval=3000,http.discoverServiceInterval=10000,http.handleNullOrEmptyHostsByDiscovery=false
[2019-07-13 11:37:01][INFO][org.frameworkset.spi.remote.http.proxy.HttpServiceHosts] HttpProxy server Http pool[default] healthCheck is disabled,you can set HttpProxy http.healthCheckInterval (>0) and http.health in configfile to enabled healthCheck.
[2019-07-13 11:37:01][INFO][org.frameworkset.spi.remote.http.proxy.HttpServiceHosts] Discover Http pool[default] is disabled,to enabled set http.discoverService in configfile.
[2019-07-13 11:37:02][INFO][org.frameworkset.elasticsearch.ElasticSearch] Start Elasticsearch Datasource[default] from springboot[false]:{"elasticsearch.discoverHost":"true","elasticsearch.timeZone":"Asia/Shanghai","elasticsearch.dateFormat":"yyyy.MM.dd","elasticsearch.rest.hostNames":"192.168.137.1:9200","elasticsearch.scrollThreadQueue":"50","elasticsearch.scrollThreadCount":"50","elasticsearch.sliceScrollBlockedWaitTimeout":"0","elasticsearch.httpPool":"default","elasticUser":"elastic","elasticsearch.ttl":"2d","elasticsearch.includeTypeName":"false","elasticsearch.showTemplate":"true","elasticsearch.sliceScrollThreadQueue":"100","elasticsearch.sliceScrollThreadCount":"100","elasticPassword":"changeme","elasticsearch.client":"restful","elasticsearch.scrollBlockedWaitTimeout":"0"}
[2019-07-13 11:37:02][INFO][org.frameworkset.elasticsearch.ElasticSearch] elasticsearch.TTL:172800000,config value is:2d
[2019-07-13 11:37:02][INFO][org.frameworkset.elasticsearch.TimeBasedIndexNameBuilder] dateFormatString = yyyy.MM.dd,timeZoneString=Asia/Shanghai,indexPrefix=null
[2019-07-13 11:37:02][INFO][org.frameworkset.elasticsearch.ElasticSearchHelper] Geo ipinfo config {"ip.cachesize":"2000","ip.database":"","ip.serviceUrl":"","ip.asnDatabase":""},from springboot:false
[2019-07-13 11:37:02][INFO][org.frameworkset.elasticsearch.ElasticSearch] Start ElasticSearch rest client:192.168.137.1:9200
[2019-07-13 11:37:02][INFO][org.frameworkset.elasticsearch.client.ElasticSearchRestClient] Start Elasticsearch healthCheck thread,you can set elasticsearch.healthCheckInterval=-1 in conf/elasticsearch-boot-config.xml to disable healthCheck thread.
[2019-07-13 11:37:03][INFO][org.frameworkset.elasticsearch.client.ElasticSearchRestClient] Elasticsearch Server Info:
{
  "name" : "DESKTOP-U3V5C85",
  "cluster_name" : "elasticsearch",
  "cluster_uuid" : "IF8mV0GwT3WfpyNnJvzvZw",
  "version" : {
    "number" : "7.0.0",
    "build_flavor" : "default",
    "build_type" : "zip",
    "build_hash" : "b7e28a7",
    "build_date" : "2019-04-05T22:55:32.697037Z",
    "build_snapshot" : false,
    "lucene_version" : "8.0.0",
    "minimum_wire_compatibility_version" : "6.7.0",
    "minimum_index_compatibility_version" : "6.0.0-beta1"
  },
  "tagline" : "You Know, for Search"
}

[2019-07-13 11:37:03][INFO][org.frameworkset.elasticsearch.client.ElasticSearchRestClient] Start elastic discoverHost thread,to distabled set elasticsearch.discoverHost=false in conf/elasticsearch-boot-config.xml.
[2019-07-13 11:37:03][INFO][org.frameworkset.elasticsearch.ElasticSearch] ElasticSearch rest client started.
[2019-07-13 11:37:03][INFO][org.frameworkset.elasticsearch.client.ElasticSearchRestClient] ElasticSearch http request action:.monitoring*?pretty
[2019-07-13 11:37:09][INFO][org.frameworkset.elasticsearch.client.ElasticSearchRestClient] ElasticSearch http request action:.triggered_watches?pretty
[2019-07-13 11:37:09][INFO][org.frameworkset.elasticsearch.client.ElasticSearchRestClient] ElasticSearch http request action:.watcher-history*?pretty
[2019-07-13 11:37:09][INFO][org.frameworkset.elasticsearch.client.ElasticSearchRestClient] ElasticSearch http request action:.ml*?pretty
[2019-07-13 11:37:09][INFO][org.frameworkset.elasticsearch.ElasticSearch] ElasticSearch client stopping
[2019-07-13 12:12:51][INFO][org.frameworkset.spi.assemble.PropertiesContainer] load config Properties File :conf/elasticsearch.properties in conf/elasticsearch-boot-config.xml does not exist,Ignore load.
[2019-07-13 12:12:51][INFO][org.frameworkset.spi.assemble.PropertiesContainer] load config Properties File :file:/D:/workspace/bbossesdemo/eshelloword-booter/target/classes/application.properties
[2019-07-13 12:12:51][INFO][org.frameworkset.spi.assemble.PropertiesContainer] load config Properties File :config/application.properties in conf/elasticsearch-boot-config.xml does not exist,Ignore load.
[2019-07-13 12:12:51][INFO][org.frameworkset.spi.remote.http.ClientConfiguration] Http Pool[default] config:http.timeoutConnection=10000,http.timeoutSocket=50000,http.connectionRequestTimeout=10000,http.retryTime=3,http.retryInterval=3000,http.maxLineLength=-1,http.maxHeaderCount=200,http.maxTotal=400,http.soReuseAddress=false,http.soKeepAlive=false,http.timeToLive=3600000,http.keepAlive=3600000,http.defaultMaxPerRoute=200,http.validateAfterInactivity=3000,http.staleConnectionCheckEnabled=false,http.customHttpRequestRetryHandler=org.frameworkset.spi.remote.http.ConnectionResetHttpRequestRetryHandler,http.keystore=,http.keyPassword=,http.hostnameVerifier=,http.authAccount=null,http.authPassword=null,http.hosts=null,http.health=null,http.healthCheckInterval=3000,http.discoverServiceInterval=10000,http.handleNullOrEmptyHostsByDiscovery=false
[2019-07-13 12:12:52][INFO][org.frameworkset.spi.remote.http.proxy.HttpServiceHosts] HttpProxy server Http pool[default] healthCheck is disabled,you can set HttpProxy http.healthCheckInterval (>0) and http.health in configfile to enabled healthCheck.
[2019-07-13 12:12:52][INFO][org.frameworkset.spi.remote.http.proxy.HttpServiceHosts] Discover Http pool[default] is disabled,to enabled set http.discoverService in configfile.
[2019-07-13 12:12:52][INFO][org.frameworkset.elasticsearch.ElasticSearch] Start Elasticsearch Datasource[default] from springboot[false]:{"elasticsearch.discoverHost":"true","elasticsearch.timeZone":"Asia/Shanghai","elasticsearch.dateFormat":"yyyy.MM.dd","elasticsearch.rest.hostNames":"192.168.137.1:9200","elasticsearch.scrollThreadQueue":"50","elasticsearch.scrollThreadCount":"50","elasticsearch.sliceScrollBlockedWaitTimeout":"0","elasticsearch.httpPool":"default","elasticUser":"elastic","elasticsearch.ttl":"2d","elasticsearch.includeTypeName":"false","elasticsearch.showTemplate":"true","elasticsearch.sliceScrollThreadQueue":"100","elasticsearch.sliceScrollThreadCount":"100","elasticPassword":"changeme","elasticsearch.client":"restful","elasticsearch.scrollBlockedWaitTimeout":"0"}
[2019-07-13 12:12:52][INFO][org.frameworkset.elasticsearch.ElasticSearch] elasticsearch.TTL:172800000,config value is:2d
[2019-07-13 12:12:52][INFO][org.frameworkset.elasticsearch.TimeBasedIndexNameBuilder] dateFormatString = yyyy.MM.dd,timeZoneString=Asia/Shanghai,indexPrefix=null
[2019-07-13 12:12:52][INFO][org.frameworkset.elasticsearch.ElasticSearchHelper] Geo ipinfo config {"ip.cachesize":"2000","ip.database":"","ip.serviceUrl":"","ip.asnDatabase":""},from springboot:false
[2019-07-13 12:12:52][INFO][org.frameworkset.elasticsearch.ElasticSearch] Start ElasticSearch rest client:192.168.137.1:9200
[2019-07-13 12:12:52][INFO][org.frameworkset.elasticsearch.client.ElasticSearchRestClient] Start Elasticsearch healthCheck thread,you can set elasticsearch.healthCheckInterval=-1 in conf/elasticsearch-boot-config.xml to disable healthCheck thread.
[2019-07-13 12:12:53][INFO][org.frameworkset.elasticsearch.client.ElasticSearchRestClient] Elasticsearch Server Info:
{
  "name" : "DESKTOP-U3V5C85",
  "cluster_name" : "elasticsearch",
  "cluster_uuid" : "IF8mV0GwT3WfpyNnJvzvZw",
  "version" : {
    "number" : "7.0.0",
    "build_flavor" : "default",
    "build_type" : "zip",
    "build_hash" : "b7e28a7",
    "build_date" : "2019-04-05T22:55:32.697037Z",
    "build_snapshot" : false,
    "lucene_version" : "8.0.0",
    "minimum_wire_compatibility_version" : "6.7.0",
    "minimum_index_compatibility_version" : "6.0.0-beta1"
  },
  "tagline" : "You Know, for Search"
}

[2019-07-13 12:12:53][INFO][org.frameworkset.elasticsearch.client.ElasticSearchRestClient] Start elastic discoverHost thread,to distabled set elasticsearch.discoverHost=false in conf/elasticsearch-boot-config.xml.
[2019-07-13 12:12:53][INFO][org.frameworkset.elasticsearch.ElasticSearch] ElasticSearch rest client started.
[2019-07-13 12:12:53][INFO][org.frameworkset.elasticsearch.client.ElasticSearchRestClient] ElasticSearch http request action:terminalcontent-*/_search?q=batchUuid:b13e998a-78c7-48f5-b067-d4b6d0b044a4&size=1&terminate_after=1
[2019-07-13 12:12:53][INFO][org.frameworkset.elasticsearch.ElasticSearch] ElasticSearch client stopping
[2019-07-13 12:16:55][INFO][org.frameworkset.spi.assemble.PropertiesContainer] load config Properties File :conf/elasticsearch.properties in conf/elasticsearch-boot-config.xml does not exist,Ignore load.
[2019-07-13 12:16:55][INFO][org.frameworkset.spi.assemble.PropertiesContainer] load config Properties File :file:/D:/workspace/bbossesdemo/eshelloword-booter/target/classes/application.properties
[2019-07-13 12:16:55][INFO][org.frameworkset.spi.assemble.PropertiesContainer] load config Properties File :config/application.properties in conf/elasticsearch-boot-config.xml does not exist,Ignore load.
[2019-07-13 12:16:55][INFO][org.frameworkset.spi.remote.http.ClientConfiguration] Http Pool[default] config:http.timeoutConnection=10000,http.timeoutSocket=50000,http.connectionRequestTimeout=10000,http.retryTime=3,http.retryInterval=3000,http.maxLineLength=-1,http.maxHeaderCount=200,http.maxTotal=400,http.soReuseAddress=false,http.soKeepAlive=false,http.timeToLive=3600000,http.keepAlive=3600000,http.defaultMaxPerRoute=200,http.validateAfterInactivity=3000,http.staleConnectionCheckEnabled=false,http.customHttpRequestRetryHandler=org.frameworkset.spi.remote.http.ConnectionResetHttpRequestRetryHandler,http.keystore=,http.keyPassword=,http.hostnameVerifier=,http.authAccount=null,http.authPassword=null,http.hosts=null,http.health=null,http.healthCheckInterval=3000,http.discoverServiceInterval=10000,http.handleNullOrEmptyHostsByDiscovery=false
[2019-07-13 12:16:57][INFO][org.frameworkset.spi.remote.http.proxy.HttpServiceHosts] HttpProxy server Http pool[default] healthCheck is disabled,you can set HttpProxy http.healthCheckInterval (>0) and http.health in configfile to enabled healthCheck.
[2019-07-13 12:16:57][INFO][org.frameworkset.spi.remote.http.proxy.HttpServiceHosts] Discover Http pool[default] is disabled,to enabled set http.discoverService in configfile.
[2019-07-13 12:16:57][INFO][org.frameworkset.elasticsearch.ElasticSearch] Start Elasticsearch Datasource[default] from springboot[false]:{"elasticsearch.discoverHost":"true","elasticsearch.timeZone":"Asia/Shanghai","elasticsearch.dateFormat":"yyyy.MM.dd","elasticsearch.rest.hostNames":"192.168.137.1:9200","elasticsearch.scrollThreadQueue":"50","elasticsearch.scrollThreadCount":"50","elasticsearch.sliceScrollBlockedWaitTimeout":"0","elasticsearch.httpPool":"default","elasticUser":"elastic","elasticsearch.ttl":"2d","elasticsearch.includeTypeName":"false","elasticsearch.showTemplate":"true","elasticsearch.sliceScrollThreadQueue":"100","elasticsearch.sliceScrollThreadCount":"100","elasticPassword":"changeme","elasticsearch.client":"restful","elasticsearch.scrollBlockedWaitTimeout":"0"}
[2019-07-13 12:16:57][INFO][org.frameworkset.elasticsearch.ElasticSearch] elasticsearch.TTL:172800000,config value is:2d
[2019-07-13 12:16:57][INFO][org.frameworkset.elasticsearch.TimeBasedIndexNameBuilder] dateFormatString = yyyy.MM.dd,timeZoneString=Asia/Shanghai,indexPrefix=null
[2019-07-13 12:16:57][INFO][org.frameworkset.elasticsearch.ElasticSearchHelper] Geo ipinfo config {"ip.cachesize":"2000","ip.database":"","ip.serviceUrl":"","ip.asnDatabase":""},from springboot:false
[2019-07-13 12:16:57][INFO][org.frameworkset.elasticsearch.ElasticSearch] Start ElasticSearch rest client:192.168.137.1:9200
[2019-07-13 12:16:57][INFO][org.frameworkset.elasticsearch.client.ElasticSearchRestClient] Start Elasticsearch healthCheck thread,you can set elasticsearch.healthCheckInterval=-1 in conf/elasticsearch-boot-config.xml to disable healthCheck thread.
[2019-07-13 12:16:57][INFO][org.frameworkset.elasticsearch.client.ElasticSearchRestClient] Elasticsearch Server Info:
{
  "name" : "DESKTOP-U3V5C85",
  "cluster_name" : "elasticsearch",
  "cluster_uuid" : "IF8mV0GwT3WfpyNnJvzvZw",
  "version" : {
    "number" : "7.0.0",
    "build_flavor" : "default",
    "build_type" : "zip",
    "build_hash" : "b7e28a7",
    "build_date" : "2019-04-05T22:55:32.697037Z",
    "build_snapshot" : false,
    "lucene_version" : "8.0.0",
    "minimum_wire_compatibility_version" : "6.7.0",
    "minimum_index_compatibility_version" : "6.0.0-beta1"
  },
  "tagline" : "You Know, for Search"
}

[2019-07-13 12:16:58][INFO][org.frameworkset.elasticsearch.client.ElasticSearchRestClient] Start elastic discoverHost thread,to distabled set elasticsearch.discoverHost=false in conf/elasticsearch-boot-config.xml.
[2019-07-13 12:16:58][INFO][org.frameworkset.elasticsearch.ElasticSearch] ElasticSearch rest client started.
[2019-07-13 12:16:58][INFO][org.frameworkset.elasticsearch.client.ElasticSearchRestClient] ElasticSearch http request action:terminalcontent-*/_search?q=requestType:httprequest&size=10&terminate_after=10
[2019-07-13 12:16:58][INFO][org.frameworkset.elasticsearch.ElasticSearch] ElasticSearch client stopping
[2019-08-21 14:47:53][INFO][org.frameworkset.spi.assemble.PropertiesContainer] load config Properties File :conf/elasticsearch.properties in conf/elasticsearch-boot-config.xml does not exist,Ignore load.
[2019-08-21 14:47:53][INFO][org.frameworkset.spi.assemble.PropertiesContainer] load config Properties File :file:/D:/workspace/bbossesdemo/eshelloword-booter/target/classes/application.properties
[2019-08-21 14:47:53][INFO][org.frameworkset.spi.assemble.PropertiesContainer] load config Properties File :config/application.properties in conf/elasticsearch-boot-config.xml does not exist,Ignore load.
[2019-08-21 14:47:53][INFO][org.frameworkset.spi.remote.http.ClientConfiguration] Http Pool[default] config:http.timeoutConnection=10000,http.timeoutSocket=50000,http.connectionRequestTimeout=10000,http.retryTime=3,http.retryInterval=3000,http.maxLineLength=-1,http.maxHeaderCount=200,http.maxTotal=400,http.soReuseAddress=false,http.soKeepAlive=false,http.timeToLive=3600000,http.keepAlive=3600000,http.defaultMaxPerRoute=200,http.validateAfterInactivity=3000,http.staleConnectionCheckEnabled=false,http.customHttpRequestRetryHandler=org.frameworkset.spi.remote.http.ConnectionResetHttpRequestRetryHandler,http.keystore=,http.keyPassword=,http.hostnameVerifier=,http.authAccount=null,http.authPassword=null,http.hosts=null,http.health=null,http.healthCheckInterval=3000,http.discoverServiceInterval=10000,http.handleNullOrEmptyHostsByDiscovery=false
[2019-08-21 14:47:54][INFO][org.frameworkset.spi.remote.http.proxy.HttpServiceHosts] HttpProxy server Http pool[default] healthCheck is disabled,you can set HttpProxy http.healthCheckInterval (>0) and http.health in configfile to enabled healthCheck.
[2019-08-21 14:47:54][INFO][org.frameworkset.spi.remote.http.proxy.HttpServiceHosts] Discover Http pool[default] is disabled,to enabled set http.discoverService in configfile.
[2019-08-21 14:47:55][INFO][org.frameworkset.elasticsearch.ElasticSearch] Start Elasticsearch Datasource[default] from springboot[false]:{"elasticsearch.discoverHost":"false","elasticsearch.timeZone":"Asia/Shanghai","elasticsearch.dateFormat":"yyyy.MM.dd","elasticsearch.rest.hostNames":"192.168.137.1:9200","elasticsearch.scrollThreadQueue":"50","elasticsearch.scrollThreadCount":"50","elasticsearch.sliceScrollBlockedWaitTimeout":"0","elasticsearch.httpPool":"default","elasticUser":"elastic","elasticsearch.ttl":"2d","elasticsearch.includeTypeName":"false","elasticsearch.showTemplate":"true","elasticsearch.sliceScrollThreadQueue":"100","elasticsearch.sliceScrollThreadCount":"100","elasticPassword":"changeme","elasticsearch.client":"restful","elasticsearch.scrollBlockedWaitTimeout":"0"}
[2019-08-21 14:47:55][INFO][org.frameworkset.elasticsearch.ElasticSearch] elasticsearch.TTL:172800000,config value is:2d
[2019-08-21 14:47:55][INFO][org.frameworkset.elasticsearch.TimeBasedIndexNameBuilder] dateFormatString = yyyy.MM.dd,timeZoneString=Asia/Shanghai,indexPrefix=null
[2019-08-21 14:47:55][INFO][org.frameworkset.elasticsearch.ElasticSearchHelper] Geo ipinfo config {"ip.cachesize":"2000","ip.database":"","ip.serviceUrl":"","ip.asnDatabase":""},from springboot:false
[2019-08-21 14:47:55][INFO][org.frameworkset.elasticsearch.ElasticSearch] Start ElasticSearch rest client:192.168.137.1:9200
[2019-08-21 14:47:55][INFO][org.frameworkset.elasticsearch.client.ElasticSearchRestClient] Start Elasticsearch healthCheck thread,you can set elasticsearch.healthCheckInterval=-1 in conf/elasticsearch-boot-config.xml to disable healthCheck thread.
[2019-08-21 14:47:55][INFO][org.frameworkset.elasticsearch.client.ElasticSearchRestClient] Elasticsearch Server Info:
{
  "name" : "nkFWhAm",
  "cluster_name" : "elasticsearch",
  "cluster_uuid" : "OfQyVNhbRlivwNn--_ufCQ",
  "version" : {
    "number" : "6.7.0",
    "build_flavor" : "default",
    "build_type" : "zip",
    "build_hash" : "8453f77",
    "build_date" : "2019-03-21T15:32:29.844721Z",
    "build_snapshot" : false,
    "lucene_version" : "7.7.0",
    "minimum_wire_compatibility_version" : "5.6.0",
    "minimum_index_compatibility_version" : "5.0.0"
  },
  "tagline" : "You Know, for Search"
}

[2019-08-21 14:47:55][INFO][org.frameworkset.elasticsearch.client.ElasticSearchRestClient] Discover Elasticsearch Host is disabled,to enabled set elasticsearch.discoverHost=true  in conf/elasticsearch-boot-config.xml.
[2019-08-21 14:47:55][INFO][org.frameworkset.elasticsearch.ElasticSearch] ElasticSearch rest client started.
[2019-08-21 14:47:55][INFO][org.frameworkset.elasticsearch.client.ElasticSearchRestClient] ElasticSearch http request action:pager?pretty
[2019-08-21 14:47:55][INFO][org.frameworkset.elasticsearch.client.ElasticSearchRestClient] ElasticSearch http request action:pager,request body:
{
            "settings": {
                "number_of_shards": 6,
                "index.refresh_interval": "5s"
            },
          "mappings": {
            "pagertype": {
              "properties": {
                "name": {                     "type": "text",
                     "fields": {                         "keyword": {
                            "type": "keyword"
                        }
                    }
                },

                "content": {                     "type": "text",
                    "fields": {                         "keyword": {
                            "type": "keyword"
                        }
                    }
                },
                "datatype": {                     "type": "integer"
                },
                "person": {                     "type": "text",
                     "fields": {                         "keyword": {
                            "type": "keyword"
                        }
                    }
                },
                "created_date": {                     "type": "date",
                    "format": "yyyy-MM-dd HH:mm:ss.SSS||yyyy-MM-dd'T'HH:mm:ss.SSS||yyyy-MM-dd HH:mm:ss||epoch_millis"
                },
                "question_join": {
                  "type": "join",
                  "relations": {
                    "question": ["answer","comment"]                   }
                }
              }
            }
          }

        }
[2019-08-21 14:47:58][INFO][org.frameworkset.elasticsearch.client.ElasticSearchRestClient] ElasticSearch http request action:pager/_mapping?pretty
[2019-08-21 14:47:58][INFO][org.frameworkset.elasticsearch.client.ElasticSearchRestClient] ElasticSearch http request action:_bulk?refresh,request body:
{ "index" : { "_index" : "pager", "_type" : "pagertype", "_id" : "1" } }
{"qid":"1","name":"q1","content":"This is a question 1","person":"john","datatype":0,"created_date":"2019-08-21 06:47:58","question_join":{"name":"question","parent":null}}
{ "index" : { "_index" : "pager", "_type" : "pagertype", "_id" : "2" } }
{"qid":"2","name":"q2","content":"This is a question 2","person":"john","datatype":0,"created_date":"2019-08-21 06:47:58","question_join":{"name":"question","parent":null}}
{ "index" : { "_index" : "pager", "_type" : "pagertype", "_id" : "3" } }
{"qid":"3","name":"q3","content":"This is a question 3","person":"john","datatype":0,"created_date":"2019-08-21 06:47:58","question_join":{"name":"question","parent":null}}
{ "index" : { "_index" : "pager", "_type" : "pagertype", "_id" : "4" } }
{"qid":"4","name":"q4","content":"This is a question 4","person":"john","datatype":0,"created_date":"2019-08-21 06:47:58","question_join":{"name":"question","parent":null}}
{ "index" : { "_index" : "pager", "_type" : "pagertype", "_id" : "5" } }
{"qid":"5","name":"q5","content":"This is a question 5","person":"john","datatype":0,"created_date":"2019-08-21 06:47:58","question_join":{"name":"question","parent":null}}

[2019-08-21 14:47:58][INFO][org.frameworkset.elasticsearch.client.ElasticSearchRestClient] ElasticSearch http request action:_bulk?refresh,request body:
{ "index" : { "_index" : "pager", "_type" : "pagertype", "_id" : "18", "_routing" : "1" } }
{"cid":"18","name":"c1","content":"This is a comment 1","person":"john","datatype":2,"routingId":"1","created_date":"2019-08-21 06:47:58","question_join":{"name":"comment","parent":"1"}}
{ "index" : { "_index" : "pager", "_type" : "pagertype", "_id" : "19", "_routing" : "1" } }
{"cid":"19","name":"c2","content":"This is a comment 2","person":"john","datatype":2,"routingId":"1","created_date":"2019-08-21 06:47:58","question_join":{"name":"comment","parent":"1"}}
{ "index" : { "_index" : "pager", "_type" : "pagertype", "_id" : "20", "_routing" : "2" } }
{"cid":"20","name":"c3","content":"This is a comment 3","person":"john","datatype":2,"routingId":"2","created_date":"2019-08-21 06:47:58","question_join":{"name":"comment","parent":"2"}}
{ "index" : { "_index" : "pager", "_type" : "pagertype", "_id" : "21", "_routing" : "2" } }
{"cid":"21","name":"c4","content":"This is a comment 4","person":"john","datatype":2,"routingId":"2","created_date":"2019-08-21 06:47:58","question_join":{"name":"comment","parent":"2"}}
{ "index" : { "_index" : "pager", "_type" : "pagertype", "_id" : "22", "_routing" : "3" } }
{"cid":"22","name":"c5","content":"This is a comment 5","person":"john","datatype":2,"routingId":"3","created_date":"2019-08-21 06:47:58","question_join":{"name":"comment","parent":"3"}}
{ "index" : { "_index" : "pager", "_type" : "pagertype", "_id" : "23", "_routing" : "3" } }
{"cid":"23","name":"c6","content":"This is a comment 6","person":"john","datatype":2,"routingId":"3","created_date":"2019-08-21 06:47:58","question_join":{"name":"comment","parent":"3"}}
{ "index" : { "_index" : "pager", "_type" : "pagertype", "_id" : "24", "_routing" : "4" } }
{"cid":"24","name":"c7","content":"This is a comment 7","person":"john","datatype":2,"routingId":"4","created_date":"2019-08-21 06:47:58","question_join":{"name":"comment","parent":"4"}}
{ "index" : { "_index" : "pager", "_type" : "pagertype", "_id" : "25", "_routing" : "4" } }
{"cid":"25","name":"c8","content":"This is a comment 8","person":"john","datatype":2,"routingId":"4","created_date":"2019-08-21 06:47:58","question_join":{"name":"comment","parent":"4"}}
{ "index" : { "_index" : "pager", "_type" : "pagertype", "_id" : "26", "_routing" : "5" } }
{"cid":"26","name":"c9","content":"This is a comment 9","person":"john","datatype":2,"routingId":"5","created_date":"2019-08-21 06:47:58","question_join":{"name":"comment","parent":"5"}}
{ "index" : { "_index" : "pager", "_type" : "pagertype", "_id" : "27", "_routing" : "5" } }
{"cid":"27","name":"c10","content":"This is a comment 10","person":"john","datatype":2,"routingId":"5","created_date":"2019-08-21 06:47:58","question_join":{"name":"comment","parent":"5"}}
{ "index" : { "_index" : "pager", "_type" : "pagertype", "_id" : "28", "_routing" : "5" } }
{"cid":"28","name":"c11","content":"This is a comment 11","person":"john","datatype":2,"routingId":"5","created_date":"2019-08-21 06:47:58","question_join":{"name":"comment","parent":"5"}}
{ "index" : { "_index" : "pager", "_type" : "pagertype", "_id" : "29", "_routing" : "5" } }
{"cid":"29","name":"c12","content":"This is a comment 12","person":"john","datatype":2,"routingId":"5","created_date":"2019-08-21 06:47:58","question_join":{"name":"comment","parent":"5"}}

[2019-08-21 14:47:59][INFO][org.frameworkset.elasticsearch.client.ElasticSearchRestClient] ElasticSearch http request action:_bulk?refresh,request body:
{ "index" : { "_index" : "pager", "_type" : "pagertype", "_id" : "6", "_routing" : "1" } }
{"aid":"6","name":"c1","content":"This is a answer 1","person":"john","datatype":2,"routingId":"1","created_date":"2019-08-21 06:47:59","question_join":{"name":"answer","parent":"1"}}
{ "index" : { "_index" : "pager", "_type" : "pagertype", "_id" : "7", "_routing" : "1" } }
{"aid":"7","name":"c2","content":"This is a answer 2","person":"john","datatype":2,"routingId":"1","created_date":"2019-08-21 06:47:59","question_join":{"name":"answer","parent":"1"}}
{ "index" : { "_index" : "pager", "_type" : "pagertype", "_id" : "8", "_routing" : "2" } }
{"aid":"8","name":"c3","content":"This is a answer 3","person":"john","datatype":2,"routingId":"2","created_date":"2019-08-21 06:47:59","question_join":{"name":"answer","parent":"2"}}
{ "index" : { "_index" : "pager", "_type" : "pagertype", "_id" : "9", "_routing" : "2" } }
{"aid":"9","name":"c4","content":"This is a answer 4","person":"john","datatype":2,"routingId":"2","created_date":"2019-08-21 06:47:59","question_join":{"name":"answer","parent":"2"}}
{ "index" : { "_index" : "pager", "_type" : "pagertype", "_id" : "10", "_routing" : "3" } }
{"aid":"10","name":"c5","content":"This is a answer 5","person":"john","datatype":2,"routingId":"3","created_date":"2019-08-21 06:47:59","question_join":{"name":"answer","parent":"3"}}
{ "index" : { "_index" : "pager", "_type" : "pagertype", "_id" : "11", "_routing" : "3" } }
{"aid":"11","name":"c6","content":"This is a answer 6","person":"john","datatype":2,"routingId":"3","created_date":"2019-08-21 06:47:59","question_join":{"name":"answer","parent":"3"}}
{ "index" : { "_index" : "pager", "_type" : "pagertype", "_id" : "12", "_routing" : "4" } }
{"aid":"12","name":"c7","content":"This is a answer 7","person":"john","datatype":2,"routingId":"4","created_date":"2019-08-21 06:47:59","question_join":{"name":"answer","parent":"4"}}
{ "index" : { "_index" : "pager", "_type" : "pagertype", "_id" : "13", "_routing" : "4" } }
{"aid":"13","name":"c8","content":"This is a answer 8","person":"john","datatype":2,"routingId":"4","created_date":"2019-08-21 06:47:59","question_join":{"name":"answer","parent":"4"}}
{ "index" : { "_index" : "pager", "_type" : "pagertype", "_id" : "14", "_routing" : "5" } }
{"aid":"14","name":"c9","content":"This is a answer 9","person":"john","datatype":2,"routingId":"5","created_date":"2019-08-21 06:47:59","question_join":{"name":"answer","parent":"5"}}
{ "index" : { "_index" : "pager", "_type" : "pagertype", "_id" : "15", "_routing" : "5" } }
{"aid":"15","name":"c10","content":"This is a answer 10","person":"john","datatype":2,"routingId":"5","created_date":"2019-08-21 06:47:59","question_join":{"name":"answer","parent":"5"}}
{ "index" : { "_index" : "pager", "_type" : "pagertype", "_id" : "16", "_routing" : "5" } }
{"aid":"16","name":"c11","content":"This is a answer 11","person":"john","datatype":2,"routingId":"5","created_date":"2019-08-21 06:47:59","question_join":{"name":"answer","parent":"5"}}
{ "index" : { "_index" : "pager", "_type" : "pagertype", "_id" : "17", "_routing" : "5" } }
{"aid":"17","name":"c12","content":"This is a answer 12","person":"john","datatype":2,"routingId":"5","created_date":"2019-08-21 06:47:59","question_join":{"name":"answer","parent":"5"}}

[2019-08-21 14:47:59][INFO][org.frameworkset.elasticsearch.client.ElasticSearchRestClient] ElasticSearch http request action:pager/pagertype/_search,request body:
{              "query": {                "parent_id": {                  "type": "answer",                  "id": "1"                }              }            }
[2019-08-21 14:47:59][INFO][org.frameworkset.elasticsearch.client.ElasticSearchRestClient] ElasticSearch http request action:pager/pagertype/_search,request body:
{
              "query": {
                "has_parent": {
                  "parent_type": "question",
                  "query": {
                    "match": {                      "name": "q4"
                    }
                  }
                }
              }
            }
[2019-08-21 14:47:59][INFO][org.frameworkset.elasticsearch.client.ElasticSearchRestClient] ElasticSearch http request action:pager/pagertype/_search,request body:
{
              "query": {
                "bool": {
                    "must": [
                        {
                            "has_parent": {
                              "parent_type": "question",
                              "query": {
                                "match": {
                                   "name": "q4"
                                }
                              },
                              "inner_hits": {}
                            }
                        }
                    ],
                    "filter": [
                      {
                        "term": {
                          "datatype": {
                            "value": 1
                          }
                        }
                      }
                    ]
                }
              }
            }
[2019-08-21 14:48:00][INFO][org.frameworkset.elasticsearch.ElasticSearch] ElasticSearch client stopping
[2019-08-21 15:00:48][INFO][org.frameworkset.spi.assemble.PropertiesContainer] load config Properties File :conf/elasticsearch.properties in conf/elasticsearch-boot-config.xml does not exist,Ignore load.
[2019-08-21 15:00:48][INFO][org.frameworkset.spi.assemble.PropertiesContainer] load config Properties File :file:/D:/workspace/bbossesdemo/eshelloword-booter/target/classes/application.properties
[2019-08-21 15:00:48][INFO][org.frameworkset.spi.assemble.PropertiesContainer] load config Properties File :config/application.properties in conf/elasticsearch-boot-config.xml does not exist,Ignore load.
[2019-08-21 15:00:48][INFO][org.frameworkset.spi.remote.http.ClientConfiguration] Http Pool[default] config:http.timeoutConnection=10000,http.timeoutSocket=50000,http.connectionRequestTimeout=10000,http.retryTime=3,http.retryInterval=3000,http.maxLineLength=-1,http.maxHeaderCount=200,http.maxTotal=400,http.soReuseAddress=false,http.soKeepAlive=false,http.timeToLive=3600000,http.keepAlive=3600000,http.defaultMaxPerRoute=200,http.validateAfterInactivity=3000,http.staleConnectionCheckEnabled=false,http.customHttpRequestRetryHandler=org.frameworkset.spi.remote.http.ConnectionResetHttpRequestRetryHandler,http.keystore=,http.keyPassword=,http.hostnameVerifier=,http.authAccount=null,http.authPassword=null,http.hosts=null,http.health=null,http.healthCheckInterval=3000,http.discoverServiceInterval=10000,http.handleNullOrEmptyHostsByDiscovery=false
[2019-08-21 15:00:49][INFO][org.frameworkset.spi.remote.http.proxy.HttpServiceHosts] HttpProxy server Http pool[default] healthCheck is disabled,you can set HttpProxy http.healthCheckInterval (>0) and http.health in configfile to enabled healthCheck.
[2019-08-21 15:00:49][INFO][org.frameworkset.spi.remote.http.proxy.HttpServiceHosts] Discover Http pool[default] is disabled,to enabled set http.discoverService in configfile.
[2019-08-21 15:00:50][INFO][org.frameworkset.elasticsearch.ElasticSearch] Start Elasticsearch Datasource[default] from springboot[false]:{"elasticsearch.discoverHost":"false","elasticsearch.timeZone":"Asia/Shanghai","elasticsearch.dateFormat":"yyyy.MM.dd","elasticsearch.rest.hostNames":"192.168.137.1:9200","elasticsearch.scrollThreadQueue":"50","elasticsearch.scrollThreadCount":"50","elasticsearch.sliceScrollBlockedWaitTimeout":"0","elasticsearch.httpPool":"default","elasticUser":"elastic","elasticsearch.ttl":"2d","elasticsearch.includeTypeName":"false","elasticsearch.showTemplate":"true","elasticsearch.sliceScrollThreadQueue":"100","elasticsearch.sliceScrollThreadCount":"100","elasticPassword":"changeme","elasticsearch.client":"restful","elasticsearch.scrollBlockedWaitTimeout":"0"}
[2019-08-21 15:00:50][INFO][org.frameworkset.elasticsearch.ElasticSearch] elasticsearch.TTL:172800000,config value is:2d
[2019-08-21 15:00:50][INFO][org.frameworkset.elasticsearch.TimeBasedIndexNameBuilder] dateFormatString = yyyy.MM.dd,timeZoneString=Asia/Shanghai,indexPrefix=null
[2019-08-21 15:00:50][INFO][org.frameworkset.elasticsearch.ElasticSearchHelper] Geo ipinfo config {"ip.cachesize":"2000","ip.database":"","ip.serviceUrl":"","ip.asnDatabase":""},from springboot:false
[2019-08-21 15:00:50][INFO][org.frameworkset.elasticsearch.ElasticSearch] Start ElasticSearch rest client:192.168.137.1:9200
[2019-08-21 15:00:50][INFO][org.frameworkset.elasticsearch.client.ElasticSearchRestClient] Start Elasticsearch healthCheck thread,you can set elasticsearch.healthCheckInterval=-1 in conf/elasticsearch-boot-config.xml to disable healthCheck thread.
[2019-08-21 15:00:50][INFO][org.frameworkset.elasticsearch.client.ElasticSearchRestClient] Elasticsearch Server Info:
{
  "name" : "nkFWhAm",
  "cluster_name" : "elasticsearch",
  "cluster_uuid" : "OfQyVNhbRlivwNn--_ufCQ",
  "version" : {
    "number" : "6.7.0",
    "build_flavor" : "default",
    "build_type" : "zip",
    "build_hash" : "8453f77",
    "build_date" : "2019-03-21T15:32:29.844721Z",
    "build_snapshot" : false,
    "lucene_version" : "7.7.0",
    "minimum_wire_compatibility_version" : "5.6.0",
    "minimum_index_compatibility_version" : "5.0.0"
  },
  "tagline" : "You Know, for Search"
}

[2019-08-21 15:00:50][INFO][org.frameworkset.elasticsearch.client.ElasticSearchRestClient] Discover Elasticsearch Host is disabled,to enabled set elasticsearch.discoverHost=true  in conf/elasticsearch-boot-config.xml.
[2019-08-21 15:00:50][INFO][org.frameworkset.elasticsearch.ElasticSearch] ElasticSearch rest client started.
[2019-08-21 15:00:50][INFO][org.frameworkset.elasticsearch.client.ElasticSearchRestClient] ElasticSearch http request action:pager?pretty
[2019-08-21 15:00:50][INFO][org.frameworkset.elasticsearch.client.ElasticSearchRestClient] ElasticSearch http request action:pager,request body:
{
            "settings": {
                "number_of_shards": 6,
                "index.refresh_interval": "5s"
            },
          "mappings": {
            "pagertype": {
              "properties": {
                "name": {                     "type": "text",
                     "fields": {                         "keyword": {
                            "type": "keyword"
                        }
                    }
                },

                "content": {                     "type": "text",
                    "fields": {                         "keyword": {
                            "type": "keyword"
                        }
                    }
                },
                "datatype": {                     "type": "integer"
                },
                "person": {                     "type": "text",
                     "fields": {                         "keyword": {
                            "type": "keyword"
                        }
                    }
                },
                "created_date": {                     "type": "date",
                    "format": "yyyy-MM-dd HH:mm:ss.SSS||yyyy-MM-dd'T'HH:mm:ss.SSS||yyyy-MM-dd HH:mm:ss||epoch_millis"
                },
                "question_join": {
                  "type": "join",
                  "relations": {
                    "question": ["answer","comment"]                   }
                }
              }
            }
          }

        }
[2019-08-21 15:00:53][INFO][org.frameworkset.elasticsearch.client.ElasticSearchRestClient] ElasticSearch http request action:pager/_mapping?pretty
[2019-08-21 15:00:53][INFO][org.frameworkset.elasticsearch.client.ElasticSearchRestClient] ElasticSearch http request action:_bulk?refresh,request body:
{ "index" : { "_index" : "pager", "_type" : "pagertype", "_id" : "1" } }
{"qid":"1","name":"q1","content":"This is a question 1","person":"john","datatype":0,"created_date":"2019-08-21 07:00:53","question_join":{"name":"question","parent":null}}
{ "index" : { "_index" : "pager", "_type" : "pagertype", "_id" : "2" } }
{"qid":"2","name":"q2","content":"This is a question 2","person":"john","datatype":0,"created_date":"2019-08-21 07:00:53","question_join":{"name":"question","parent":null}}
{ "index" : { "_index" : "pager", "_type" : "pagertype", "_id" : "3" } }
{"qid":"3","name":"q3","content":"This is a question 3","person":"john","datatype":0,"created_date":"2019-08-21 07:00:53","question_join":{"name":"question","parent":null}}
{ "index" : { "_index" : "pager", "_type" : "pagertype", "_id" : "4" } }
{"qid":"4","name":"q4","content":"This is a question 4","person":"john","datatype":0,"created_date":"2019-08-21 07:00:53","question_join":{"name":"question","parent":null}}
{ "index" : { "_index" : "pager", "_type" : "pagertype", "_id" : "5" } }
{"qid":"5","name":"q5","content":"This is a question 5","person":"john","datatype":0,"created_date":"2019-08-21 07:00:53","question_join":{"name":"question","parent":null}}

[2019-08-21 15:00:54][INFO][org.frameworkset.elasticsearch.client.ElasticSearchRestClient] ElasticSearch http request action:_bulk?refresh,request body:
{ "index" : { "_index" : "pager", "_type" : "pagertype", "_id" : "18", "_routing" : "1" } }
{"cid":"18","name":"c1","content":"This is a comment 1","person":"john","datatype":2,"routingId":"1","created_date":"2019-08-21 07:00:54","question_join":{"name":"comment","parent":"1"}}
{ "index" : { "_index" : "pager", "_type" : "pagertype", "_id" : "19", "_routing" : "1" } }
{"cid":"19","name":"c2","content":"This is a comment 2","person":"john","datatype":2,"routingId":"1","created_date":"2019-08-21 07:00:54","question_join":{"name":"comment","parent":"1"}}
{ "index" : { "_index" : "pager", "_type" : "pagertype", "_id" : "20", "_routing" : "2" } }
{"cid":"20","name":"c3","content":"This is a comment 3","person":"john","datatype":2,"routingId":"2","created_date":"2019-08-21 07:00:54","question_join":{"name":"comment","parent":"2"}}
{ "index" : { "_index" : "pager", "_type" : "pagertype", "_id" : "21", "_routing" : "2" } }
{"cid":"21","name":"c4","content":"This is a comment 4","person":"john","datatype":2,"routingId":"2","created_date":"2019-08-21 07:00:54","question_join":{"name":"comment","parent":"2"}}
{ "index" : { "_index" : "pager", "_type" : "pagertype", "_id" : "22", "_routing" : "3" } }
{"cid":"22","name":"c5","content":"This is a comment 5","person":"john","datatype":2,"routingId":"3","created_date":"2019-08-21 07:00:54","question_join":{"name":"comment","parent":"3"}}
{ "index" : { "_index" : "pager", "_type" : "pagertype", "_id" : "23", "_routing" : "3" } }
{"cid":"23","name":"c6","content":"This is a comment 6","person":"john","datatype":2,"routingId":"3","created_date":"2019-08-21 07:00:54","question_join":{"name":"comment","parent":"3"}}
{ "index" : { "_index" : "pager", "_type" : "pagertype", "_id" : "24", "_routing" : "4" } }
{"cid":"24","name":"c7","content":"This is a comment 7","person":"john","datatype":2,"routingId":"4","created_date":"2019-08-21 07:00:54","question_join":{"name":"comment","parent":"4"}}
{ "index" : { "_index" : "pager", "_type" : "pagertype", "_id" : "25", "_routing" : "4" } }
{"cid":"25","name":"c8","content":"This is a comment 8","person":"john","datatype":2,"routingId":"4","created_date":"2019-08-21 07:00:54","question_join":{"name":"comment","parent":"4"}}
{ "index" : { "_index" : "pager", "_type" : "pagertype", "_id" : "26", "_routing" : "5" } }
{"cid":"26","name":"c9","content":"This is a comment 9","person":"john","datatype":2,"routingId":"5","created_date":"2019-08-21 07:00:54","question_join":{"name":"comment","parent":"5"}}
{ "index" : { "_index" : "pager", "_type" : "pagertype", "_id" : "27", "_routing" : "5" } }
{"cid":"27","name":"c10","content":"This is a comment 10","person":"john","datatype":2,"routingId":"5","created_date":"2019-08-21 07:00:54","question_join":{"name":"comment","parent":"5"}}
{ "index" : { "_index" : "pager", "_type" : "pagertype", "_id" : "28", "_routing" : "5" } }
{"cid":"28","name":"c11","content":"This is a comment 11","person":"john","datatype":2,"routingId":"5","created_date":"2019-08-21 07:00:54","question_join":{"name":"comment","parent":"5"}}
{ "index" : { "_index" : "pager", "_type" : "pagertype", "_id" : "29", "_routing" : "5" } }
{"cid":"29","name":"c12","content":"This is a comment 12","person":"john","datatype":2,"routingId":"5","created_date":"2019-08-21 07:00:54","question_join":{"name":"comment","parent":"5"}}

[2019-08-21 15:00:54][INFO][org.frameworkset.elasticsearch.client.ElasticSearchRestClient] ElasticSearch http request action:_bulk?refresh,request body:
{ "index" : { "_index" : "pager", "_type" : "pagertype", "_id" : "6", "_routing" : "1" } }
{"aid":"6","name":"c1","content":"This is a answer 1","person":"john","datatype":1,"routingId":"1","created_date":"2019-08-21 07:00:54","question_join":{"name":"answer","parent":"1"}}
{ "index" : { "_index" : "pager", "_type" : "pagertype", "_id" : "7", "_routing" : "1" } }
{"aid":"7","name":"c2","content":"This is a answer 2","person":"john","datatype":1,"routingId":"1","created_date":"2019-08-21 07:00:54","question_join":{"name":"answer","parent":"1"}}
{ "index" : { "_index" : "pager", "_type" : "pagertype", "_id" : "8", "_routing" : "2" } }
{"aid":"8","name":"c3","content":"This is a answer 3","person":"john","datatype":1,"routingId":"2","created_date":"2019-08-21 07:00:54","question_join":{"name":"answer","parent":"2"}}
{ "index" : { "_index" : "pager", "_type" : "pagertype", "_id" : "9", "_routing" : "2" } }
{"aid":"9","name":"c4","content":"This is a answer 4","person":"john","datatype":1,"routingId":"2","created_date":"2019-08-21 07:00:54","question_join":{"name":"answer","parent":"2"}}
{ "index" : { "_index" : "pager", "_type" : "pagertype", "_id" : "10", "_routing" : "3" } }
{"aid":"10","name":"c5","content":"This is a answer 5","person":"john","datatype":1,"routingId":"3","created_date":"2019-08-21 07:00:54","question_join":{"name":"answer","parent":"3"}}
{ "index" : { "_index" : "pager", "_type" : "pagertype", "_id" : "11", "_routing" : "3" } }
{"aid":"11","name":"c6","content":"This is a answer 6","person":"john","datatype":1,"routingId":"3","created_date":"2019-08-21 07:00:54","question_join":{"name":"answer","parent":"3"}}
{ "index" : { "_index" : "pager", "_type" : "pagertype", "_id" : "12", "_routing" : "4" } }
{"aid":"12","name":"c7","content":"This is a answer 7","person":"john","datatype":1,"routingId":"4","created_date":"2019-08-21 07:00:54","question_join":{"name":"answer","parent":"4"}}
{ "index" : { "_index" : "pager", "_type" : "pagertype", "_id" : "13", "_routing" : "4" } }
{"aid":"13","name":"c8","content":"This is a answer 8","person":"john","datatype":1,"routingId":"4","created_date":"2019-08-21 07:00:54","question_join":{"name":"answer","parent":"4"}}
{ "index" : { "_index" : "pager", "_type" : "pagertype", "_id" : "14", "_routing" : "5" } }
{"aid":"14","name":"c9","content":"This is a answer 9","person":"john","datatype":1,"routingId":"5","created_date":"2019-08-21 07:00:54","question_join":{"name":"answer","parent":"5"}}
{ "index" : { "_index" : "pager", "_type" : "pagertype", "_id" : "15", "_routing" : "5" } }
{"aid":"15","name":"c10","content":"This is a answer 10","person":"john","datatype":1,"routingId":"5","created_date":"2019-08-21 07:00:54","question_join":{"name":"answer","parent":"5"}}
{ "index" : { "_index" : "pager", "_type" : "pagertype", "_id" : "16", "_routing" : "5" } }
{"aid":"16","name":"c11","content":"This is a answer 11","person":"john","datatype":1,"routingId":"5","created_date":"2019-08-21 07:00:54","question_join":{"name":"answer","parent":"5"}}
{ "index" : { "_index" : "pager", "_type" : "pagertype", "_id" : "17", "_routing" : "5" } }
{"aid":"17","name":"c12","content":"This is a answer 12","person":"john","datatype":1,"routingId":"5","created_date":"2019-08-21 07:00:54","question_join":{"name":"answer","parent":"5"}}

[2019-08-21 15:00:54][INFO][org.frameworkset.elasticsearch.client.ElasticSearchRestClient] ElasticSearch http request action:pager/pagertype/_search,request body:
{              "query": {                "parent_id": {                  "type": "answer",                  "id": "1"                }              }            }
[2019-08-21 15:00:54][INFO][org.frameworkset.elasticsearch.client.ElasticSearchRestClient] ElasticSearch http request action:pager/pagertype/_search,request body:
{
              "query": {
                "has_parent": {
                  "parent_type": "question",
                  "query": {
                    "match": {                      "name": "q4"
                    }
                  }
                }
              }
            }
[2019-08-21 15:00:54][INFO][org.frameworkset.elasticsearch.client.ElasticSearchRestClient] ElasticSearch http request action:pager/pagertype/_search,request body:
{
              "query": {
                "bool": {
                    "must": [
                        {
                            "has_parent": {
                              "parent_type": "question",
                              "query": {
                                "match": {
                                   "name": "q4"
                                }
                              },
                              "inner_hits": {}
                            }
                        }
                    ],
                    "filter": [
                      {
                        "term": {
                          "datatype": {
                            "value": 1
                          }
                        }
                      }
                    ]
                }
              }
            }
[2019-08-21 15:00:54][INFO][org.frameworkset.elasticsearch.client.ElasticSearchRestClient] ElasticSearch http request action:pager/pagertype/_search,request body:
{
          "query": {
            "bool": {
              "should": [
                {
                    "match_all":{}
                },
                {
                  "has_child": {
                    "score_mode": "none",
                    "type": "comment"
                    ,"query": {
                      "match_all": {}

                    },"inner_hits":{}
                  }
                }
              ]
              ,"must": [
                {
                  "has_child": {
                    "score_mode": "none",
                    "type": "answer"
                    ,"query": {
                      "bool": {
                        "filter": [
                          {
                            "term": {
                              "datatype": {
                                "value": 1
                              }
                            }
                          }
                        ]
                      }
                    },"inner_hits":{}
                  }
                }
                ]
            }
          }
        }
[2019-08-21 15:00:55][INFO][org.frameworkset.elasticsearch.ElasticSearch] ElasticSearch client stopping
